{"total": {"lines":{"total":40,"covered":40,"skipped":0,"pct":100},"statements":{"total":41,"covered":41,"skipped":0,"pct":100},"functions":{"total":9,"covered":9,"skipped":0,"pct":100},"branches":{"total":24,"covered":20,"skipped":0,"pct":83.33}}
,"/Users/huanghezhao/learn/compiler/src/regex-compiler/index.ts": {"lines":{"total":40,"covered":40,"skipped":0,"pct":100},"functions":{"total":9,"covered":9,"skipped":0,"pct":100},"statements":{"total":41,"covered":41,"skipped":0,"pct":100},"branches":{"total":24,"covered":20,"skipped":0,"pct":83.33}}
}
